[13:32:46] [main/INFO] (FabricLoader/GameProvider) Loading Minecraft 1.20.4 with Fabric Loader 0.15.7
[13:32:46] [main/INFO] (FabricLoader) Loading 59 mods:
	- fabric-api 0.96.4+1.20.4
	- fabric-api-base 0.4.36+78d798af4f
	- fabric-api-lookup-api-v1 1.6.49+82b1bb3e4f
	- fabric-biome-api-v1 13.0.16+78d798af4f
	- fabric-block-api-v1 1.0.16+3e2216cb4f
	- fabric-block-view-api-v2 1.0.4+78d798af4f
	- fabric-blockrenderlayer-v1 1.1.46+78d798af4f
	- fabric-client-tags-api-v1 1.1.7+78d798af4f
	- fabric-command-api-v1 1.2.41+f71b366f4f
	- fabric-command-api-v2 2.2.20+78d798af4f
	- fabric-commands-v0 0.2.58+df3654b34f
	- fabric-containers-v0 0.1.86+df3654b34f
	- fabric-content-registries-v0 5.0.14+78d798af4f
	- fabric-convention-tags-v1 1.5.10+78d798af4f
	- fabric-crash-report-info-v1 0.2.23+78d798af4f
	- fabric-data-attachment-api-v1 1.1.3+b90db5744f
	- fabric-data-generation-api-v1 13.2.3+5c0133444f
	- fabric-dimensions-v1 2.1.61+78d798af4f
	- fabric-entity-events-v1 1.6.1+09fc25014f
	- fabric-events-interaction-v0 0.7.1+389931eb4f
	- fabric-events-lifecycle-v0 0.2.74+df3654b34f
	- fabric-game-rule-api-v1 1.0.46+78d798af4f
	- fabric-gametest-api-v1 1.3.4+85d85a934f
	- fabric-item-api-v1 2.2.0+d6f2b0844f
	- fabric-item-group-api-v1 4.0.25+58f8c0124f
	- fabric-key-binding-api-v1 1.0.41+78d798af4f
	- fabric-keybindings-v0 0.2.39+df3654b34f
	- fabric-lifecycle-events-v1 2.3.0+a67ffb5d4f
	- fabric-loot-api-v2 2.1.8+78d798af4f
	- fabric-message-api-v1 6.0.5+78d798af4f
	- fabric-mining-level-api-v1 2.1.64+78d798af4f
	- fabric-model-loading-api-v1 1.0.8+78d798af4f
	- fabric-models-v0 0.4.7+9386d8a74f
	- fabric-networking-api-v1 3.1.7+2e5ac5484f
	- fabric-object-builder-api-v1 13.0.13+080016e44f
	- fabric-particles-v1 1.1.7+78d798af4f
	- fabric-recipe-api-v1 2.0.20+78d798af4f
	- fabric-registry-sync-v0 4.0.19+58f8c0124f
	- fabric-renderer-api-v1 3.2.4+78d798af4f
	- fabric-renderer-indigo 1.5.4+78d798af4f
	- fabric-renderer-registries-v1 3.2.53+df3654b34f
	- fabric-rendering-data-attachment-v1 0.3.42+73761d2e4f
	- fabric-rendering-fluids-v1 3.1.1+e761c6694f
	- fabric-rendering-v0 1.1.56+df3654b34f
	- fabric-rendering-v1 3.2.0+6fd945a04f
	- fabric-resource-conditions-api-v1 2.3.14+78d798af4f
	- fabric-resource-loader-v0 0.11.19+58f8c0124f
	- fabric-screen-api-v1 2.0.17+78d798af4f
	- fabric-screen-handler-api-v1 1.3.55+78d798af4f
	- fabric-sound-api-v1 1.0.17+78d798af4f
	- fabric-transfer-api-v1 4.0.11+e84342304f
	- fabric-transitive-access-wideners-v1 5.0.14+78d798af4f
	- fabricloader 0.15.7
	- java 21
	- minecraft 1.20.4
	- mixinextras 0.3.2
	- neptune 1.0.0
	- renderer 1.0
	- satin 1.16.0
[13:32:46] [main/INFO] (FabricLoader/Mixin) SpongePowered MIXIN Subsystem Version=0.8.5 Source=file:/C:/Users/Volcan/.gradle/caches/modules-2/files-2.1/net.fabricmc/sponge-mixin/0.12.5+mixin.0.8.5/8d31fb97c3e0cd7c8dad3441851c523bcfae6d8e/sponge-mixin-0.12.5+mixin.0.8.5.jar Service=Knot/Fabric Env=CLIENT
[13:32:47] [main/INFO] (FabricLoader/Mixin) Loaded Fabric development mappings for mixin remapper!
[13:32:47] [main/INFO] (FabricLoader/Mixin) Compatibility level set to JAVA_17
[13:32:48] [main/INFO] (FabricLoader/MixinExtras|Service) Initializing MixinExtras via com.llamalad7.mixinextras.service.MixinExtrasServiceImpl(version=0.3.2).
[13:32:49] [main/WARN] (PerfmonDisabled) Invalid registry value type detected for PerfOS counters. Should be REG_DWORD. Ignoring: HKEY_LOCAL_MACHINE\SYSTEM\CurrentControlSet\Services\PerfOS\Performance\Disable Performance Counters.
[13:32:54] [Datafixer Bootstrap/INFO] (Minecraft) 198 Datafixer optimizations took 141 milliseconds
[13:32:57] [Render thread/INFO] (Minecraft) [STDERR]: [LWJGL] [ThreadLocalUtil] Unsupported JNI version detected, this may result in a crash. Please inform LWJGL developers.
[13:32:57] [Render thread/INFO] (Minecraft) Environment: Environment[sessionHost=https://sessionserver.mojang.com, servicesHost=https://api.minecraftservices.com, name=PROD]
[13:32:57] [Render thread/INFO] (Minecraft) Setting user: Player227
[13:32:58] [Render thread/INFO] (fabric-networking-api-v1) Force Packet Serialization is enabled to mimic remote connection on single player, this is the default behaviour on dev env. Add -Dfabric-api.networking.force-packet-serialization=false JVM arg to disable it.
[13:32:58] [Render thread/INFO] (Neptune) [NEPTUNE] Neptune Client is starting by heedi
[13:32:58] [Render thread/INFO] (Neptune) [NEPTUNE] Neptune Client by heedi has finished loading!
[13:32:58] [Render thread/INFO] (Minecraft) [STDOUT]: [neptune.module.client.HUD@43edf1f2, neptune.module.client.Notifications@6e7f1081, neptune.module.combat.Wtap@50ce30a, neptune.module.movement.AutoWalk@267d2a36, neptune.module.movement.Speed@a333d6a, neptune.module.movement.Sprint@1c5ecfb5, neptune.module.movement.Velocity@7e286b87, neptune.module.render.FullBright@314bd2ee]
[13:32:58] [Render thread/INFO] (Indigo) [Indigo] Registering Indigo renderer!
[13:32:58] [Download-2/ERROR] (Minecraft) Failed to fetch user properties
com.mojang.authlib.exceptions.InvalidCredentialsException: Status: 401
	at com.mojang.authlib.exceptions.MinecraftClientHttpException.toAuthenticationException(MinecraftClientHttpException.java:59) ~[authlib-6.0.52.jar:?]
	at com.mojang.authlib.yggdrasil.YggdrasilUserApiService.fetchProperties(YggdrasilUserApiService.java:150) ~[authlib-6.0.52.jar:?]
	at net.minecraft.client.MinecraftClient.method_55608(MinecraftClient.java:467) ~[minecraft-merged-7e1274ae80-1.20.4-net.fabricmc.yarn.1_20_4.1.20.4+build.3-v2.jar:?]
	at java.util.concurrent.CompletableFuture$AsyncSupply.run$$$capture(CompletableFuture.java:1768) ~[?:?]
	at java.util.concurrent.CompletableFuture$AsyncSupply.run(CompletableFuture.java) ~[?:?]
	at java.util.concurrent.ThreadPoolExecutor.runWorker(ThreadPoolExecutor.java:1144) ~[?:?]
	at java.util.concurrent.ThreadPoolExecutor$Worker.run(ThreadPoolExecutor.java:642) ~[?:?]
	at java.lang.Thread.run(Thread.java:1583) ~[?:?]
Caused by: com.mojang.authlib.exceptions.MinecraftClientHttpException: Status: 401
	at com.mojang.authlib.minecraft.client.MinecraftClient.readInputStream(MinecraftClient.java:100) ~[authlib-6.0.52.jar:?]
	at com.mojang.authlib.minecraft.client.MinecraftClient.get(MinecraftClient.java:57) ~[authlib-6.0.52.jar:?]
	at com.mojang.authlib.yggdrasil.YggdrasilUserApiService.fetchProperties(YggdrasilUserApiService.java:121) ~[authlib-6.0.52.jar:?]
	... 6 more
[13:32:58] [Render thread/INFO] (Renderer) Initialized renderer library
[13:32:58] [Render thread/INFO] (Minecraft) Backend library: LWJGL version 3.3.2-snapshot
[13:33:00] [Render thread/INFO] (Minecraft) Reloading ResourceManager: vanilla, fabric, fabric-api, fabric-api-base, fabric-api-lookup-api-v1, fabric-biome-api-v1, fabric-block-api-v1, fabric-block-view-api-v2, fabric-blockrenderlayer-v1, fabric-client-tags-api-v1, fabric-command-api-v1, fabric-command-api-v2, fabric-commands-v0, fabric-containers-v0, fabric-content-registries-v0, fabric-convention-tags-v1, fabric-crash-report-info-v1, fabric-data-attachment-api-v1, fabric-data-generation-api-v1, fabric-dimensions-v1, fabric-entity-events-v1, fabric-events-interaction-v0, fabric-events-lifecycle-v0, fabric-game-rule-api-v1, fabric-gametest-api-v1, fabric-item-api-v1, fabric-item-group-api-v1, fabric-key-binding-api-v1, fabric-keybindings-v0, fabric-lifecycle-events-v1, fabric-loot-api-v2, fabric-message-api-v1, fabric-mining-level-api-v1, fabric-model-loading-api-v1, fabric-models-v0, fabric-networking-api-v1, fabric-object-builder-api-v1, fabric-particles-v1, fabric-recipe-api-v1, fabric-registry-sync-v0, fabric-renderer-api-v1, fabric-renderer-indigo, fabric-renderer-registries-v1, fabric-rendering-data-attachment-v1, fabric-rendering-fluids-v1, fabric-rendering-v0, fabric-rendering-v1, fabric-resource-conditions-api-v1, fabric-resource-loader-v0, fabric-screen-api-v1, fabric-screen-handler-api-v1, fabric-sound-api-v1, fabric-transfer-api-v1, fabric-transitive-access-wideners-v1, fabricloader, neptune, renderer, satin
[13:33:00] [Worker-Main-12/INFO] (Minecraft) Found unifont_all_no_pua-15.1.04.hex, loading
[13:33:02] [Render thread/WARN] (Minecraft) Missing sound for event: minecraft:item.goat_horn.play
[13:33:02] [Render thread/WARN] (Minecraft) Missing sound for event: minecraft:entity.goat.screaming.horn_break
[13:33:02] [Render thread/WARN] (Minecraft) Missing sound for event: minecraft:entity.generic.wind_burst
[13:33:02] [Render thread/INFO] (Minecraft) OpenAL initialized on device OpenAL Soft on Realtek HD Audio 2nd output (Realtek(R) Audio)
[13:33:02] [Render thread/INFO] (Minecraft) Sound engine started
[13:33:02] [Render thread/INFO] (Minecraft) Created: 1024x512x0 minecraft:textures/atlas/blocks.png-atlas
[13:33:02] [Render thread/INFO] (Minecraft) Created: 256x256x0 minecraft:textures/atlas/signs.png-atlas
[13:33:02] [Render thread/INFO] (Minecraft) Created: 512x512x0 minecraft:textures/atlas/banner_patterns.png-atlas
[13:33:02] [Render thread/INFO] (Minecraft) Created: 512x512x0 minecraft:textures/atlas/shield_patterns.png-atlas
[13:33:02] [Render thread/INFO] (Minecraft) Created: 1024x1024x0 minecraft:textures/atlas/armor_trims.png-atlas
[13:33:02] [Render thread/INFO] (Minecraft) Created: 256x256x0 minecraft:textures/atlas/chest.png-atlas
[13:33:02] [Render thread/INFO] (Minecraft) Created: 128x64x0 minecraft:textures/atlas/decorated_pot.png-atlas
[13:33:02] [Render thread/INFO] (Minecraft) Created: 512x256x0 minecraft:textures/atlas/beds.png-atlas
[13:33:02] [Render thread/INFO] (Minecraft) Created: 512x256x0 minecraft:textures/atlas/shulker_boxes.png-atlas
[13:33:02] [Render thread/WARN] (Minecraft) Shader rendertype_entity_translucent_emissive could not find sampler named Sampler2 in the specified shader program.
[13:33:02] [Render thread/INFO] (Minecraft) Created: 512x256x0 minecraft:textures/atlas/particles.png-atlas
[13:33:02] [Render thread/INFO] (Minecraft) Created: 256x256x0 minecraft:textures/atlas/paintings.png-atlas
[13:33:02] [Render thread/INFO] (Minecraft) Created: 128x128x0 minecraft:textures/atlas/mob_effects.png-atlas
[13:33:02] [Render thread/INFO] (Minecraft) Created: 1024x512x0 minecraft:textures/atlas/gui.png-atlas
[13:33:03] [IO-Worker-1/INFO] (Minecraft) Could not authorize you against Realms server: Invalid session id
[13:33:03] [IO-Worker-1/ERROR] (Minecraft) Couldn't connect to realms
net.minecraft.client.realms.exception.RealmsServiceException: Realms authentication error with message 'Invalid session id'
	at net.minecraft.client.realms.RealmsClient.execute(RealmsClient.java:447) ~[minecraft-merged-7e1274ae80-1.20.4-net.fabricmc.yarn.1_20_4.1.20.4+build.3-v2.jar:?]
	at net.minecraft.client.realms.RealmsClient.clientCompatible(RealmsClient.java:232) ~[minecraft-merged-7e1274ae80-1.20.4-net.fabricmc.yarn.1_20_4.1.20.4+build.3-v2.jar:?]
	at net.minecraft.client.realms.RealmsAvailability.method_52627(RealmsAvailability.java:45) ~[minecraft-merged-7e1274ae80-1.20.4-net.fabricmc.yarn.1_20_4.1.20.4+build.3-v2.jar:?]
	at java.util.concurrent.CompletableFuture$AsyncSupply.run$$$capture(CompletableFuture.java:1768) ~[?:?]
	at java.util.concurrent.CompletableFuture$AsyncSupply.run(CompletableFuture.java) ~[?:?]
	at java.util.concurrent.ThreadPoolExecutor.runWorker(ThreadPoolExecutor.java:1144) ~[?:?]
	at java.util.concurrent.ThreadPoolExecutor$Worker.run(ThreadPoolExecutor.java:642) ~[?:?]
	at java.lang.Thread.run(Thread.java:1583) ~[?:?]
[13:33:09] [Render thread/INFO] (Minecraft) Connecting to 127.0.0.1, 25568
[13:33:13] [Render thread/INFO] (Minecraft) [System] [CHAT] You joined with the client brand: fabric
[13:33:14] [Render thread/INFO] (Minecraft) [System] [CHAT] Your current language is: English use /language to change it
[13:33:14] [Render thread/INFO] (Minecraft) [System] [CHAT] To view all commands use /help we recently added some new stuff you might want to check out, also make sure to join the Discord (/discord connect) for anticheat update notifications and server changelogs.
[13:33:16] [Render thread/INFO] (Minecraft) [System] [CHAT] Bound speed to X
[13:33:19] [Render thread/INFO] (Minecraft) [System] [CHAT] §9[Neptune] §fSpeed §2[+]
[13:33:31] [Render thread/INFO] (Minecraft) [System] [CHAT] §9[Neptune] §fSpeed §4[-]
[13:33:49] [Render thread/WARN] (Minecraft) Ignoring player info update for unknown player acd77d39-5e69-4af7-9634-47df196ffe33 ([UPDATE_GAME_MODE])
[13:33:49] [Render thread/WARN] (Minecraft) Ignoring player info update for unknown player acd77d39-5e69-4af7-9634-47df196ffe33 ([UPDATE_GAME_MODE])
[13:33:55] [Render thread/INFO] (Minecraft) [System] [CHAT] §9[Neptune] §fSpeed §2[+]
[13:34:01] [Render thread/INFO] (Minecraft) [System] [CHAT] §9[Neptune] §fSpeed §4[-]
[13:34:04] [Render thread/INFO] (Minecraft) [System] [CHAT] Connecting to updatedNCP
[13:34:05] [Render thread/INFO] (Minecraft) [System] [CHAT] You joined with the client brand: fabric
[13:34:06] [Render thread/INFO] (Minecraft) [System] [CHAT] §9[Neptune] §fSpeed §2[+]
[13:34:07] [Render thread/INFO] (Minecraft) [System] [CHAT] Your current language is: English use /language to change it
[13:34:07] [Render thread/INFO] (Minecraft) [System] [CHAT] To view all commands use /help we recently added some new stuff you might want to check out, also make sure to join the Discord (/discord connect) for anticheat update notifications and server changelogs.
[13:34:09] [Render thread/INFO] (Minecraft) [System] [CHAT] §9[Neptune] §fSpeed §4[-]
[13:34:10] [Render thread/INFO] (Minecraft) [System] [CHAT] §9[Neptune] §fSpeed §2[+]
[13:34:36] [Render thread/INFO] (Minecraft) [System] [CHAT] §9[Neptune] §fSpeed §4[-]
[13:34:41] [Render thread/INFO] (Minecraft) [System] [CHAT] §9[Neptune] §fSpeed §2[+]
[13:34:48] [Render thread/INFO] (Minecraft) [System] [CHAT] §9[Neptune] §fSprint §2[+]
[13:35:04] [Render thread/INFO] (Minecraft) [System] [CHAT] §9[Neptune] §fSpeed §4[-]
[13:35:05] [Render thread/INFO] (Minecraft) [System] [CHAT] §9[Neptune] §fSpeed §2[+]
[13:35:13] [Render thread/INFO] (Minecraft) [System] [CHAT] §9[Neptune] §fSpeed §4[-]
[13:35:14] [Render thread/INFO] (Minecraft) [System] [CHAT] §9[Neptune] §fSpeed §2[+]
[13:35:20] [Render thread/INFO] (Minecraft) [System] [CHAT] §9[Neptune] §fSpeed §4[-]
